<?xml version="1.0" encoding="UTF-8"?>
<testsuite name="com.generation.CalculatorTDDTest" tests="4" skipped="0" failures="0" errors="0" timestamp="2021-10-22T21:22:20" hostname="DESKTOP-BT7R7QD" time="0.144">
  <properties/>
  <testcase name="divideTest()" classname="com.generation.CalculatorTDDTest" time="0.109"/>
  <testcase name="addTest()" classname="com.generation.CalculatorTDDTest" time="0.012"/>
  <testcase name="multiplyTest()" classname="com.generation.CalculatorTDDTest" time="0.003"/>
  <testcase name="subtractTest()" classname="com.generation.CalculatorTDDTest" time="0.006"/>
  <system-out><![CDATA[]]></system-out>
  <system-err><![CDATA[]]></system-err>
</testsuite>
